Using pre-set license
Built from '2021.3/staging' branch; Version is '2021.3.0f1 (6eacc8284459) revision 7253192'; Using compiler version '192829333'; Build Type 'Release'
OS: 'Windows 10  (10.0.19043) 64bit Professional' Language: 'en' Physical Memory: 7988 MB
BatchMode: 1, IsHumanControllingUs: 0, StartBugReporterOnCrash: 0, Is64bit: 1, IsPro: 1

COMMAND LINE ARGUMENTS:
C:\Program Files\Unity\Hub\Editor\2021.3.0f1\Editor\Unity.exe
-adb2
-batchMode
-noUpm
-name
AssetImportWorker0
-projectPath
C:/Users/User/Documents/GitHub/GDP2023/CareSupport
-logFile
Logs/AssetImportWorker0.log
-srvPort
65186
Successfully changed project path to: C:/Users/User/Documents/GitHub/GDP2023/CareSupport
C:/Users/User/Documents/GitHub/GDP2023/CareSupport
[UnityMemory] Configuration Parameters - Can be set up in boot.config
    "memorysetup-bucket-allocator-granularity=16"
    "memorysetup-bucket-allocator-bucket-count=8"
    "memorysetup-bucket-allocator-block-size=33554432"
    "memorysetup-bucket-allocator-block-count=8"
    "memorysetup-main-allocator-block-size=16777216"
    "memorysetup-thread-allocator-block-size=16777216"
    "memorysetup-gfx-main-allocator-block-size=16777216"
    "memorysetup-gfx-thread-allocator-block-size=16777216"
    "memorysetup-cache-allocator-block-size=4194304"
    "memorysetup-typetree-allocator-block-size=2097152"
    "memorysetup-profiler-bucket-allocator-granularity=16"
    "memorysetup-profiler-bucket-allocator-bucket-count=8"
    "memorysetup-profiler-bucket-allocator-block-size=33554432"
    "memorysetup-profiler-bucket-allocator-block-count=8"
    "memorysetup-profiler-allocator-block-size=16777216"
    "memorysetup-profiler-editor-allocator-block-size=1048576"
    "memorysetup-temp-allocator-size-main=16777216"
    "memorysetup-job-temp-allocator-block-size=2097152"
    "memorysetup-job-temp-allocator-block-size-background=1048576"
    "memorysetup-job-temp-allocator-reduction-small-platforms=262144"
    "memorysetup-temp-allocator-size-background-worker=32768"
    "memorysetup-temp-allocator-size-job-worker=262144"
    "memorysetup-temp-allocator-size-preload-manager=33554432"
    "memorysetup-temp-allocator-size-nav-mesh-worker=65536"
    "memorysetup-temp-allocator-size-audio-worker=65536"
    "memorysetup-temp-allocator-size-cloud-worker=32768"
    "memorysetup-temp-allocator-size-gi-baking-worker=262144"
    "memorysetup-temp-allocator-size-gfx=262144"
Refreshing native plugins compatible for Editor in 667.86 ms, found 6 plugins.
Preloading 0 native plugins for Editor in 0.00 ms.
Initialize engine version: 2021.3.0f1 (6eacc8284459)
[Subsystems] Discovering subsystems at path C:/Program Files/Unity/Hub/Editor/2021.3.0f1/Editor/Data/Resources/UnitySubsystems
[Subsystems] Discovering subsystems at path C:/Users/User/Documents/GitHub/GDP2023/CareSupport/Assets
GfxDevice: creating device client; threaded=0; jobified=0
Direct3D:
    Version:  Direct3D 11.0 [level 11.1]
    Renderer: Intel(R) UHD Graphics (ID=0x9b41)
    Vendor:   Intel
    VRAM:     3994 MB
    Driver:   27.20.100.8729
Initialize mono
Mono path[0] = 'C:/Program Files/Unity/Hub/Editor/2021.3.0f1/Editor/Data/Managed'
Mono path[1] = 'C:/Program Files/Unity/Hub/Editor/2021.3.0f1/Editor/Data/MonoBleedingEdge/lib/mono/unityjit-win32'
Mono config path = 'C:/Program Files/Unity/Hub/Editor/2021.3.0f1/Editor/Data/MonoBleedingEdge/etc'
Using monoOptions --debugger-agent=transport=dt_socket,embedding=1,server=y,suspend=n,address=127.0.0.1:56148
Begin MonoManager ReloadAssembly
Registering precompiled unity dll's ...
Register platform support module: C:/Program Files/Unity/Hub/Editor/2021.3.0f1/Editor/Data/PlaybackEngines/WebGLSupport/UnityEditor.WebGL.Extensions.dll
Register platform support module: C:/Program Files/Unity/Hub/Editor/2021.3.0f1/Editor/Data/PlaybackEngines/AndroidPlayer/UnityEditor.Android.Extensions.dll
Register platform support module: C:/Program Files/Unity/Hub/Editor/2021.3.0f1/Editor/Data/PlaybackEngines/WindowsStandaloneSupport/UnityEditor.WindowsStandalone.Extensions.dll
Registered in 0.033442 seconds.
Native extension for WindowsStandalone target not found
Native extension for Android target not found
Native extension for WebGL target not found
Refreshing native plugins compatible for Editor in 324.83 ms, found 6 plugins.
Preloading 0 native plugins for Editor in 0.00 ms.
Mono: successfully reloaded assembly
- Completed reload, in  2.110 seconds
Domain Reload Profiling:
	ReloadAssembly (2111ms)
		BeginReloadAssembly (287ms)
			ExecutionOrderSort (0ms)
			DisableScriptedObjects (0ms)
			BackupInstance (0ms)
			ReleaseScriptingObjects (0ms)
			CreateAndSetChildDomain (3ms)
		EndReloadAssembly (1452ms)
			LoadAssemblies (281ms)
			RebuildTransferFunctionScriptingTraits (1ms)
			SetupTypeCache (332ms)
			ReleaseScriptCaches (0ms)
			RebuildScriptCaches (67ms)
			SetupLoadedEditorAssemblies (887ms)
				LogAssemblyErrors (0ms)
				InitializePlatformSupportModulesInManaged (196ms)
				SetLoadedEditorAssemblies (1ms)
				RefreshPlugins (325ms)
				BeforeProcessingInitializeOnLoad (4ms)
				ProcessInitializeOnLoadAttributes (275ms)
				ProcessInitializeOnLoadMethodAttributes (87ms)
				AfterProcessingInitializeOnLoad (0ms)
				EditorAssembliesLoaded (0ms)
			ExecutionOrderSort2 (0ms)
			AwakeInstancesAfterBackupRestoration (0ms)
Platform modules already initialized, skipping
Registering precompiled user dll's ...
Registered in 0.035400 seconds.
Begin MonoManager ReloadAssembly
Symbol file LoadedFromMemory doesn't match image C:\Users\User\Documents\GitHub\GDP2023\CareSupport\Library\PackageCache\com.unity.visualscripting@1.7.6\Editor\VisualScripting.Core\Dependencies\DotNetZip\Unity.VisualScripting.IonicZip.dll
Symbol file LoadedFromMemory doesn't match image C:\Users\User\Documents\GitHub\GDP2023\CareSupport\Library\PackageCache\com.unity.visualscripting@1.7.6\Editor\VisualScripting.Core\Dependencies\YamlDotNet\Unity.VisualScripting.YamlDotNet.dll
Symbol file LoadedFromMemory is not a mono symbol file
Native extension for WindowsStandalone target not found
Native extension for Android target not found
Native extension for WebGL target not found
Refreshing native plugins compatible for Editor in 342.85 ms, found 6 plugins.
Preloading 0 native plugins for Editor in 0.00 ms.
Mono: successfully reloaded assembly
Package Manager log level set to [2]
- Completed reload, in  4.296 seconds
Domain Reload Profiling:
	ReloadAssembly (4301ms)
		BeginReloadAssembly (494ms)
			ExecutionOrderSort (0ms)
			DisableScriptedObjects (22ms)
			BackupInstance (0ms)
			ReleaseScriptingObjects (0ms)
			CreateAndSetChildDomain (200ms)
		EndReloadAssembly (3397ms)
			LoadAssemblies (375ms)
			RebuildTransferFunctionScriptingTraits (0ms)
			SetupTypeCache (829ms)
			ReleaseScriptCaches (1ms)
			RebuildScriptCaches (199ms)
			SetupLoadedEditorAssemblies (1831ms)
				LogAssemblyErrors (0ms)
				InitializePlatformSupportModulesInManaged (40ms)
				SetLoadedEditorAssemblies (1ms)
				RefreshPlugins (343ms)
				BeforeProcessingInitializeOnLoad (317ms)
				ProcessInitializeOnLoadAttributes (1011ms)
				ProcessInitializeOnLoadMethodAttributes (100ms)
				AfterProcessingInitializeOnLoad (17ms)
				EditorAssembliesLoaded (1ms)
			ExecutionOrderSort2 (0ms)
			AwakeInstancesAfterBackupRestoration (12ms)
Platform modules already initialized, skipping
========================================================================
Worker process is ready to serve import requests
Launched and connected shader compiler UnityShaderCompiler.exe after 0.06 seconds
Refreshing native plugins compatible for Editor in 2.45 ms, found 6 plugins.
Preloading 0 native plugins for Editor in 0.00 ms.
Unloading 4260 Unused Serialized files (Serialized files now loaded: 0)
Unloading 184 unused Assets / (203.3 KB). Loaded Objects now: 4585.
Memory consumption went from 158.0 MB to 157.9 MB.
Total: 9.736700 ms (FindLiveObjects: 0.481500 ms CreateObjectMapping: 0.389700 ms MarkObjects: 8.566200 ms  DeleteObjects: 0.296100 ms)

AssetImportParameters requested are different than current active one (requested -> active):
  custom:video-decoder-ogg-theora: a1e56fd34408186e4bbccfd4996cb3dc -> 
  custom:container-muxer-webm: aa71ff27fc2769a1b78a27578f13a17b -> 
  custom:container-demuxer-webm: 4f35f7cbe854078d1ac9338744f61a02 -> 
  custom:video-encoder-webm-vp8: eb34c28f22e8b96e1ab97ce403110664 -> 
  custom:audio-encoder-webm-vorbis: bf7c407c2cedff20999df2af8eb42d56 -> 
  custom:framework-win-MediaFoundation: 216162199b28c13a410421893ffa2e32 -> 
  custom:container-demuxer-ogg: 62fdf1f143b41e24485cea50d1cbac27 -> 
  custom:video-decoder-webm-vp8: 9c59270c3fd7afecdb556c50c9e8de78 -> 
  custom:audio-decoder-ogg-vorbis: bf7c407c2cedff20999df2af8eb42d56 -> 
========================================================================
Received Import Request.
  Time since last request: 1214467.940024 seconds.
  path: Assets/Scripts
  artifactKey: Guid(5b75ce88f84525c47a5d66a48ef71ca4) Importer(815301076,1909f56bfc062723c751e8b465ee728b)
Start importing Assets/Scripts using Guid(5b75ce88f84525c47a5d66a48ef71ca4) Importer(815301076,1909f56bfc062723c751e8b465ee728b)  -> (artifact id: '3eef66c23abfbe009a069ca864cd5f89') in 0.031424 seconds 
========================================================================
Received Import Request.
  Time since last request: 3.459189 seconds.
  path: Assets/Scripts/IconPanel.cs
  artifactKey: Guid(f35157409e8906e48910a2144d56d749) Importer(815301076,1909f56bfc062723c751e8b465ee728b)
Start importing Assets/Scripts/IconPanel.cs using Guid(f35157409e8906e48910a2144d56d749) Importer(815301076,1909f56bfc062723c751e8b465ee728b)  -> (artifact id: '97fd24f7a4d317e3b43b0f8ecc937197') in 0.039602 seconds 
========================================================================
Received Import Request.
  Time since last request: 35.587039 seconds.
  path: Assets/Scripts/ProfileScreenManagement.cs
  artifactKey: Guid(8a41044b2392d5f4ca0c7323b04615c1) Importer(815301076,1909f56bfc062723c751e8b465ee728b)
Start importing Assets/Scripts/ProfileScreenManagement.cs using Guid(8a41044b2392d5f4ca0c7323b04615c1) Importer(815301076,1909f56bfc062723c751e8b465ee728b)  -> (artifact id: 'f8b0ebe6810ae8bbd90ce0c37a7630a2') in 0.019191 seconds 
========================================================================
Received Import Request.
  Time since last request: 20.557164 seconds.
  path: Assets/Scenes
  artifactKey: Guid(6dfd85869103c8947a115d1e79dd5d19) Importer(815301076,1909f56bfc062723c751e8b465ee728b)
Start importing Assets/Scenes using Guid(6dfd85869103c8947a115d1e79dd5d19) Importer(815301076,1909f56bfc062723c751e8b465ee728b)  -> (artifact id: 'c14d2784a6666a546e8624756ae59544') in 0.017738 seconds 
========================================================================
Received Import Request.
  Time since last request: 2.581047 seconds.
  path: Assets/Scenes/ProfilePage.unity
  artifactKey: Guid(f4c2c61ec93a8a94594be919a6cc3c28) Importer(815301076,1909f56bfc062723c751e8b465ee728b)
Start importing Assets/Scenes/ProfilePage.unity using Guid(f4c2c61ec93a8a94594be919a6cc3c28) Importer(815301076,1909f56bfc062723c751e8b465ee728b)  -> (artifact id: 'd31105121e8684817333f863f2559858') in 0.027163 seconds 
========================================================================
Received Import Request.
  Time since last request: 52.076924 seconds.
  path: Assets/UI Assets
  artifactKey: Guid(6a170cced0b66f643a6a638705935c3d) Importer(815301076,1909f56bfc062723c751e8b465ee728b)
Start importing Assets/UI Assets using Guid(6a170cced0b66f643a6a638705935c3d) Importer(815301076,1909f56bfc062723c751e8b465ee728b)  -> (artifact id: 'e91ba9bd6277c495c122b32e51497500') in 0.025648 seconds 
========================================================================
Received Import Request.
  Time since last request: 0.024937 seconds.
  path: Assets/UI Assets/Rectangle 1.png
  artifactKey: Guid(2762d23729778164b93a2bf73c78bf3d) Importer(815301076,1909f56bfc062723c751e8b465ee728b)
Start importing Assets/UI Assets/Rectangle 1.png using Guid(2762d23729778164b93a2bf73c78bf3d) Importer(815301076,1909f56bfc062723c751e8b465ee728b)  -> (artifact id: '4e9849719d742f6b8f4e6152096305e3') in 0.954322 seconds 
========================================================================
Received Import Request.
  Time since last request: 5.189651 seconds.
  path: Assets/UI Assets/Profile Screen UI
  artifactKey: Guid(df2ac4e50886f054ca06a93477da92fa) Importer(815301076,1909f56bfc062723c751e8b465ee728b)
Start importing Assets/UI Assets/Profile Screen UI using Guid(df2ac4e50886f054ca06a93477da92fa) Importer(815301076,1909f56bfc062723c751e8b465ee728b)  -> (artifact id: 'a679e81d58f5f6e5e23459969a08e75d') in 0.027339 seconds 
========================================================================
Received Import Request.
  Time since last request: 0.091147 seconds.
  path: Assets/UI Assets/Profile Screen UI/Background.png
  artifactKey: Guid(2491b1fc4816efe47b53db06dd31aaf5) Importer(815301076,1909f56bfc062723c751e8b465ee728b)
Start importing Assets/UI Assets/Profile Screen UI/Background.png using Guid(2491b1fc4816efe47b53db06dd31aaf5) Importer(815301076,1909f56bfc062723c751e8b465ee728b)  -> (artifact id: 'd9460f52f798192c1c3391863dd18503') in 0.096048 seconds 
========================================================================
Received Import Request.
  Time since last request: 0.000051 seconds.
  path: Assets/UI Assets/Profile Screen UI/Log Out.png
  artifactKey: Guid(c6378f3939415024e9d6d3c26c9111a1) Importer(815301076,1909f56bfc062723c751e8b465ee728b)
Start importing Assets/UI Assets/Profile Screen UI/Log Out.png using Guid(c6378f3939415024e9d6d3c26c9111a1) Importer(815301076,1909f56bfc062723c751e8b465ee728b)  -> (artifact id: 'ea8c9c2062734fe3de14ca6cf7955807') in 0.061620 seconds 
========================================================================
Received Import Request.
  Time since last request: 0.000055 seconds.
  path: Assets/UI Assets/Profile Screen UI/Picture8.png
  artifactKey: Guid(3132d99b263182749988335f99652400) Importer(815301076,1909f56bfc062723c751e8b465ee728b)
Start importing Assets/UI Assets/Profile Screen UI/Picture8.png using Guid(3132d99b263182749988335f99652400) Importer(815301076,1909f56bfc062723c751e8b465ee728b)  -> (artifact id: 'c0639ad2b9bdb2499c071f7a0e233570') in 0.056228 seconds 
========================================================================
Received Import Request.
  Time since last request: 0.000052 seconds.
  path: Assets/UI Assets/Profile Screen UI/settings (profile).png
  artifactKey: Guid(34134119f47eaac428a081d0ab121807) Importer(815301076,1909f56bfc062723c751e8b465ee728b)
Start importing Assets/UI Assets/Profile Screen UI/settings (profile).png using Guid(34134119f47eaac428a081d0ab121807) Importer(815301076,1909f56bfc062723c751e8b465ee728b)  -> (artifact id: '76bc0ab717ca7778ad074d382226272b') in 0.076928 seconds 
========================================================================
Received Import Request.
  Time since last request: 0.000031 seconds.
  path: Assets/UI Assets/Profile Screen UI/email.png
  artifactKey: Guid(6f482710843d0794ca86e194d4c40ce9) Importer(815301076,1909f56bfc062723c751e8b465ee728b)
Start importing Assets/UI Assets/Profile Screen UI/email.png using Guid(6f482710843d0794ca86e194d4c40ce9) Importer(815301076,1909f56bfc062723c751e8b465ee728b)  -> (artifact id: '8bb6404833f3de8b39e1accd99d65dfb') in 0.075683 seconds 
========================================================================
Received Import Request.
  Time since last request: 0.000032 seconds.
  path: Assets/UI Assets/Profile Screen UI/phone.png
  artifactKey: Guid(b1276caa032c82946b3aed8f709851be) Importer(815301076,1909f56bfc062723c751e8b465ee728b)
Start importing Assets/UI Assets/Profile Screen UI/phone.png using Guid(b1276caa032c82946b3aed8f709851be) Importer(815301076,1909f56bfc062723c751e8b465ee728b)  -> (artifact id: '9750a6d5550f7f5ff5a89c9b44a08a82') in 0.092560 seconds 
========================================================================
Received Import Request.
  Time since last request: 0.000036 seconds.
  path: Assets/UI Assets/Profile Screen UI/events (profile).png
  artifactKey: Guid(f41c038091db559419e08248bdca414e) Importer(815301076,1909f56bfc062723c751e8b465ee728b)
Start importing Assets/UI Assets/Profile Screen UI/events (profile).png using Guid(f41c038091db559419e08248bdca414e) Importer(815301076,1909f56bfc062723c751e8b465ee728b)  -> (artifact id: 'a5e4fa5704f8ff844dd164d31a2888d1') in 0.096541 seconds 
========================================================================
Received Import Request.
  Time since last request: 0.000051 seconds.
  path: Assets/UI Assets/Profile Screen UI/Functions.png
  artifactKey: Guid(042e18158aa7f694f8ee488ed43d9eff) Importer(815301076,1909f56bfc062723c751e8b465ee728b)
Start importing Assets/UI Assets/Profile Screen UI/Functions.png using Guid(042e18158aa7f694f8ee488ed43d9eff) Importer(815301076,1909f56bfc062723c751e8b465ee728b)  -> (artifact id: 'add57b267788792ac810c9c9667b8b3a') in 0.063587 seconds 
========================================================================
Received Import Request.
  Time since last request: 202.041484 seconds.
  path: Assets/UI Assets/Profile Screen UI/Picture1.png
  artifactKey: Guid(213f051d48813e847baf01771339802b) Importer(815301076,1909f56bfc062723c751e8b465ee728b)
Start importing Assets/UI Assets/Profile Screen UI/Picture1.png using Guid(213f051d48813e847baf01771339802b) Importer(815301076,1909f56bfc062723c751e8b465ee728b)  -> (artifact id: 'c96dd3d044bf61a4d93f65fdb2d367e0') in 0.189418 seconds 
========================================================================
Received Import Request.
  Time since last request: 244.879894 seconds.
  path: Assets/UI Assets/LoginSignupPage/CareSupport logo.png
  artifactKey: Guid(45af7381308f56f4687a313d09f2d3b8) Importer(815301076,1909f56bfc062723c751e8b465ee728b)
Start importing Assets/UI Assets/LoginSignupPage/CareSupport logo.png using Guid(45af7381308f56f4687a313d09f2d3b8) Importer(815301076,1909f56bfc062723c751e8b465ee728b)  -> (artifact id: 'a25b1597d98ccc2122e541221f05af80') in 0.096219 seconds 
========================================================================
Received Import Request.
  Time since last request: 0.000037 seconds.
  path: Assets/UI Assets/LoginSignupPage/Password.png
  artifactKey: Guid(cbfc04115a3e40d479278299497b0551) Importer(815301076,1909f56bfc062723c751e8b465ee728b)
Start importing Assets/UI Assets/LoginSignupPage/Password.png using Guid(cbfc04115a3e40d479278299497b0551) Importer(815301076,1909f56bfc062723c751e8b465ee728b)  -> (artifact id: '1332fbf3a8cf01b06def47b9784b0d83') in 0.051368 seconds 
========================================================================
Received Import Request.
  Time since last request: 0.000062 seconds.
  path: Assets/UI Assets/LoginSignupPage/Login.png
  artifactKey: Guid(c08f51ce98c0bfa4db15509c1963aefa) Importer(815301076,1909f56bfc062723c751e8b465ee728b)
Start importing Assets/UI Assets/LoginSignupPage/Login.png using Guid(c08f51ce98c0bfa4db15509c1963aefa) Importer(815301076,1909f56bfc062723c751e8b465ee728b)  -> (artifact id: '49beb6e883d9de0354a879edb6f007e9') in 0.043996 seconds 
========================================================================
Received Import Request.
  Time since last request: 0.000050 seconds.
  path: Assets/UI Assets/LoginSignupPage/Username.png
  artifactKey: Guid(5b1aa07c409be674ebd65ad2920dd3a8) Importer(815301076,1909f56bfc062723c751e8b465ee728b)
Start importing Assets/UI Assets/LoginSignupPage/Username.png using Guid(5b1aa07c409be674ebd65ad2920dd3a8) Importer(815301076,1909f56bfc062723c751e8b465ee728b)  -> (artifact id: '89ac72cb4fbce33caa20cef2e6df4839') in 0.051768 seconds 
========================================================================
Received Import Request.
  Time since last request: 0.000044 seconds.
  path: Assets/UI Assets/LoginSignupPage/Signup 1.png
  artifactKey: Guid(94e327b5d09ba354d8cdae293bf44ed3) Importer(815301076,1909f56bfc062723c751e8b465ee728b)
Start importing Assets/UI Assets/LoginSignupPage/Signup 1.png using Guid(94e327b5d09ba354d8cdae293bf44ed3) Importer(815301076,1909f56bfc062723c751e8b465ee728b)  -> (artifact id: '0a0273c52a337a4748f71ffbb48e5a13') in 0.054052 seconds 
Editor requested this worker to shutdown with reason: Scaling down because of idle timeout
AssetImportWorkerClient::OnTransportError - code=2 error=End of file
AssetImportWorker is now disconnected from the server
Process exiting
Exiting without the bug reporter. Application will terminate with return code 0