Using pre-set license
Built from '2021.3/staging' branch; Version is '2021.3.0f1 (6eacc8284459) revision 7253192'; Using compiler version '192829333'; Build Type 'Release'
OS: 'Windows 10  (10.0.19043) 64bit Professional' Language: 'en' Physical Memory: 7988 MB
BatchMode: 1, IsHumanControllingUs: 0, StartBugReporterOnCrash: 0, Is64bit: 1, IsPro: 1

COMMAND LINE ARGUMENTS:
C:\Program Files\Unity\Hub\Editor\2021.3.0f1\Editor\Unity.exe
-adb2
-batchMode
-noUpm
-name
AssetImportWorker4
-projectPath
C:/Users/User/Documents/GitHub/GDP2023/CareSupport
-logFile
Logs/AssetImportWorker4.log
-srvPort
65186
Successfully changed project path to: C:/Users/User/Documents/GitHub/GDP2023/CareSupport
C:/Users/User/Documents/GitHub/GDP2023/CareSupport
[UnityMemory] Configuration Parameters - Can be set up in boot.config
    "memorysetup-bucket-allocator-granularity=16"
    "memorysetup-bucket-allocator-bucket-count=8"
    "memorysetup-bucket-allocator-block-size=33554432"
    "memorysetup-bucket-allocator-block-count=8"
    "memorysetup-main-allocator-block-size=16777216"
    "memorysetup-thread-allocator-block-size=16777216"
    "memorysetup-gfx-main-allocator-block-size=16777216"
    "memorysetup-gfx-thread-allocator-block-size=16777216"
    "memorysetup-cache-allocator-block-size=4194304"
    "memorysetup-typetree-allocator-block-size=2097152"
    "memorysetup-profiler-bucket-allocator-granularity=16"
    "memorysetup-profiler-bucket-allocator-bucket-count=8"
    "memorysetup-profiler-bucket-allocator-block-size=33554432"
    "memorysetup-profiler-bucket-allocator-block-count=8"
    "memorysetup-profiler-allocator-block-size=16777216"
    "memorysetup-profiler-editor-allocator-block-size=1048576"
    "memorysetup-temp-allocator-size-main=16777216"
    "memorysetup-job-temp-allocator-block-size=2097152"
    "memorysetup-job-temp-allocator-block-size-background=1048576"
    "memorysetup-job-temp-allocator-reduction-small-platforms=262144"
    "memorysetup-temp-allocator-size-background-worker=32768"
    "memorysetup-temp-allocator-size-job-worker=262144"
    "memorysetup-temp-allocator-size-preload-manager=33554432"
    "memorysetup-temp-allocator-size-nav-mesh-worker=65536"
    "memorysetup-temp-allocator-size-audio-worker=65536"
    "memorysetup-temp-allocator-size-cloud-worker=32768"
    "memorysetup-temp-allocator-size-gi-baking-worker=262144"
    "memorysetup-temp-allocator-size-gfx=262144"
Refreshing native plugins compatible for Editor in 279.83 ms, found 6 plugins.
Preloading 0 native plugins for Editor in 0.00 ms.
Initialize engine version: 2021.3.0f1 (6eacc8284459)
[Subsystems] Discovering subsystems at path C:/Program Files/Unity/Hub/Editor/2021.3.0f1/Editor/Data/Resources/UnitySubsystems
[Subsystems] Discovering subsystems at path C:/Users/User/Documents/GitHub/GDP2023/CareSupport/Assets
GfxDevice: creating device client; threaded=0; jobified=0
Direct3D:
    Version:  Direct3D 11.0 [level 11.1]
    Renderer: Intel(R) UHD Graphics (ID=0x9b41)
    Vendor:   Intel
    VRAM:     3994 MB
    Driver:   27.20.100.8729
Initialize mono
Mono path[0] = 'C:/Program Files/Unity/Hub/Editor/2021.3.0f1/Editor/Data/Managed'
Mono path[1] = 'C:/Program Files/Unity/Hub/Editor/2021.3.0f1/Editor/Data/MonoBleedingEdge/lib/mono/unityjit-win32'
Mono config path = 'C:/Program Files/Unity/Hub/Editor/2021.3.0f1/Editor/Data/MonoBleedingEdge/etc'
Using monoOptions --debugger-agent=transport=dt_socket,embedding=1,server=y,suspend=n,address=127.0.0.1:56336
Begin MonoManager ReloadAssembly
Registering precompiled unity dll's ...
Register platform support module: C:/Program Files/Unity/Hub/Editor/2021.3.0f1/Editor/Data/PlaybackEngines/WebGLSupport/UnityEditor.WebGL.Extensions.dll
Register platform support module: C:/Program Files/Unity/Hub/Editor/2021.3.0f1/Editor/Data/PlaybackEngines/AndroidPlayer/UnityEditor.Android.Extensions.dll
Register platform support module: C:/Program Files/Unity/Hub/Editor/2021.3.0f1/Editor/Data/PlaybackEngines/WindowsStandaloneSupport/UnityEditor.WindowsStandalone.Extensions.dll
Registered in 0.026662 seconds.
Native extension for WindowsStandalone target not found
Native extension for Android target not found
Native extension for WebGL target not found
Refreshing native plugins compatible for Editor in 282.70 ms, found 6 plugins.
Preloading 0 native plugins for Editor in 0.00 ms.
Mono: successfully reloaded assembly
- Completed reload, in  1.759 seconds
Domain Reload Profiling:
	ReloadAssembly (1761ms)
		BeginReloadAssembly (210ms)
			ExecutionOrderSort (0ms)
			DisableScriptedObjects (0ms)
			BackupInstance (0ms)
			ReleaseScriptingObjects (0ms)
			CreateAndSetChildDomain (1ms)
		EndReloadAssembly (1242ms)
			LoadAssemblies (209ms)
			RebuildTransferFunctionScriptingTraits (0ms)
			SetupTypeCache (275ms)
			ReleaseScriptCaches (0ms)
			RebuildScriptCaches (90ms)
			SetupLoadedEditorAssemblies (747ms)
				LogAssemblyErrors (0ms)
				InitializePlatformSupportModulesInManaged (135ms)
				SetLoadedEditorAssemblies (1ms)
				RefreshPlugins (283ms)
				BeforeProcessingInitializeOnLoad (4ms)
				ProcessInitializeOnLoadAttributes (236ms)
				ProcessInitializeOnLoadMethodAttributes (89ms)
				AfterProcessingInitializeOnLoad (0ms)
				EditorAssembliesLoaded (0ms)
			ExecutionOrderSort2 (0ms)
			AwakeInstancesAfterBackupRestoration (0ms)
Platform modules already initialized, skipping
Registering precompiled user dll's ...
Registered in 0.027704 seconds.
Begin MonoManager ReloadAssembly
Symbol file LoadedFromMemory doesn't match image C:\Users\User\Documents\GitHub\GDP2023\CareSupport\Library\PackageCache\com.unity.visualscripting@1.7.6\Editor\VisualScripting.Core\Dependencies\DotNetZip\Unity.VisualScripting.IonicZip.dll
Symbol file LoadedFromMemory doesn't match image C:\Users\User\Documents\GitHub\GDP2023\CareSupport\Library\PackageCache\com.unity.visualscripting@1.7.6\Editor\VisualScripting.Core\Dependencies\YamlDotNet\Unity.VisualScripting.YamlDotNet.dll
Symbol file LoadedFromMemory is not a mono symbol file
Native extension for WindowsStandalone target not found
Native extension for Android target not found
Native extension for WebGL target not found
Refreshing native plugins compatible for Editor in 264.13 ms, found 6 plugins.
Preloading 0 native plugins for Editor in 0.00 ms.
Mono: successfully reloaded assembly
Package Manager log level set to [2]
- Completed reload, in  3.401 seconds
Domain Reload Profiling:
	ReloadAssembly (3402ms)
		BeginReloadAssembly (392ms)
			ExecutionOrderSort (0ms)
			DisableScriptedObjects (16ms)
			BackupInstance (0ms)
			ReleaseScriptingObjects (0ms)
			CreateAndSetChildDomain (152ms)
		EndReloadAssembly (2670ms)
			LoadAssemblies (339ms)
			RebuildTransferFunctionScriptingTraits (0ms)
			SetupTypeCache (597ms)
			ReleaseScriptCaches (1ms)
			RebuildScriptCaches (146ms)
			SetupLoadedEditorAssemblies (1507ms)
				LogAssemblyErrors (0ms)
				InitializePlatformSupportModulesInManaged (41ms)
				SetLoadedEditorAssemblies (0ms)
				RefreshPlugins (264ms)
				BeforeProcessingInitializeOnLoad (285ms)
				ProcessInitializeOnLoadAttributes (801ms)
				ProcessInitializeOnLoadMethodAttributes (97ms)
				AfterProcessingInitializeOnLoad (18ms)
				EditorAssembliesLoaded (0ms)
			ExecutionOrderSort2 (0ms)
			AwakeInstancesAfterBackupRestoration (11ms)
Platform modules already initialized, skipping
========================================================================
Worker process is ready to serve import requests
Launched and connected shader compiler UnityShaderCompiler.exe after 0.07 seconds
Refreshing native plugins compatible for Editor in 1.28 ms, found 6 plugins.
Preloading 0 native plugins for Editor in 0.00 ms.
Unloading 4261 Unused Serialized files (Serialized files now loaded: 0)
Unloading 184 unused Assets / (203.4 KB). Loaded Objects now: 4586.
Memory consumption went from 158.1 MB to 157.9 MB.
Total: 4.226400 ms (FindLiveObjects: 0.381700 ms CreateObjectMapping: 0.275900 ms MarkObjects: 3.346600 ms  DeleteObjects: 0.220800 ms)

AssetImportParameters requested are different than current active one (requested -> active):
  custom:video-decoder-ogg-theora: a1e56fd34408186e4bbccfd4996cb3dc -> 
  custom:container-muxer-webm: aa71ff27fc2769a1b78a27578f13a17b -> 
  custom:container-demuxer-webm: 4f35f7cbe854078d1ac9338744f61a02 -> 
  custom:video-encoder-webm-vp8: eb34c28f22e8b96e1ab97ce403110664 -> 
  custom:audio-encoder-webm-vorbis: bf7c407c2cedff20999df2af8eb42d56 -> 
  custom:framework-win-MediaFoundation: 216162199b28c13a410421893ffa2e32 -> 
  custom:container-demuxer-ogg: 62fdf1f143b41e24485cea50d1cbac27 -> 
  custom:video-decoder-webm-vp8: 9c59270c3fd7afecdb556c50c9e8de78 -> 
  custom:audio-decoder-ogg-vorbis: bf7c407c2cedff20999df2af8eb42d56 -> 
========================================================================
Received Import Request.
  Time since last request: 1215906.500951 seconds.
  path: Assets/StreamingAssets
  artifactKey: Guid(7aa2c512d364efb46849b7f3a724644f) Importer(815301076,1909f56bfc062723c751e8b465ee728b)
Start importing Assets/StreamingAssets using Guid(7aa2c512d364efb46849b7f3a724644f) Importer(815301076,1909f56bfc062723c751e8b465ee728b)  -> (artifact id: '681843e6ebc49a14b40dc2b52a6b437c') in 0.035734 seconds 
========================================================================
Received Import Request.
  Time since last request: 42.535721 seconds.
  path: Assets/UI Assets/AboutMyselfPage/Screenshot 2023-08-17 104327.png
  artifactKey: Guid(c4905e36232533142a6e2f713c622610) Importer(815301076,1909f56bfc062723c751e8b465ee728b)
Start importing Assets/UI Assets/AboutMyselfPage/Screenshot 2023-08-17 104327.png using Guid(c4905e36232533142a6e2f713c622610) Importer(815301076,1909f56bfc062723c751e8b465ee728b)  -> (artifact id: '95c143b1d0a9f9d2faf7bb71f16cb142') in 0.229377 seconds 
========================================================================
Received Import Request.
  Time since last request: 12.165338 seconds.
  path: Assets/UI Assets/AboutMyselfPage/AboutMyselfPage.png
  artifactKey: Guid(c4905e36232533142a6e2f713c622610) Importer(815301076,1909f56bfc062723c751e8b465ee728b)
Start importing Assets/UI Assets/AboutMyselfPage/AboutMyselfPage.png using Guid(c4905e36232533142a6e2f713c622610) Importer(815301076,1909f56bfc062723c751e8b465ee728b)  -> (artifact id: '82c00081d8e0418d69682a68145d547f') in 0.035533 seconds 
========================================================================
Received Import Request.
  Time since last request: 176.416530 seconds.
  path: Assets/UI Assets/AboutMyselfPage/Screenshot 2023-08-17 104921.png
  artifactKey: Guid(dcdabf43f2180e3429e6e9aed3c1b4c3) Importer(815301076,1909f56bfc062723c751e8b465ee728b)
Start importing Assets/UI Assets/AboutMyselfPage/Screenshot 2023-08-17 104921.png using Guid(dcdabf43f2180e3429e6e9aed3c1b4c3) Importer(815301076,1909f56bfc062723c751e8b465ee728b)  -> (artifact id: 'feb45d2babe6f452235a2d026053556f') in 0.063484 seconds 
========================================================================
Received Import Request.
  Time since last request: 118.007987 seconds.
  path: Assets/Scenes/LoginPage.unity
  artifactKey: Guid(665879158af32f54d8f4e5063eccabc6) Importer(815301076,1909f56bfc062723c751e8b465ee728b)
Start importing Assets/Scenes/LoginPage.unity using Guid(665879158af32f54d8f4e5063eccabc6) Importer(815301076,1909f56bfc062723c751e8b465ee728b)  -> (artifact id: '3f879a0764765c335acc043cb701028f') in 0.034225 seconds 
========================================================================
Received Import Request.
  Time since last request: 20.235516 seconds.
  path: Assets/Scenes/AboutMyselfPage.unity
  artifactKey: Guid(edc368085c12fdf45a6291364666979b) Importer(815301076,1909f56bfc062723c751e8b465ee728b)
Start importing Assets/Scenes/AboutMyselfPage.unity using Guid(edc368085c12fdf45a6291364666979b) Importer(815301076,1909f56bfc062723c751e8b465ee728b)  -> (artifact id: '81a6d2dbe27a139686b31d91f3ef67bd') in 0.011571 seconds 
========================================================================
Received Import Request.
  Time since last request: 405.961725 seconds.
  path: Assets/Scenes/AboutMyselfPage.unity
  artifactKey: Guid(edc368085c12fdf45a6291364666979b) Importer(815301076,1909f56bfc062723c751e8b465ee728b)
Start importing Assets/Scenes/AboutMyselfPage.unity using Guid(edc368085c12fdf45a6291364666979b) Importer(815301076,1909f56bfc062723c751e8b465ee728b)  -> (artifact id: 'f9974186dcdd6df1dfe22be600879463') in 0.003046 seconds 
========================================================================
Received Import Request.
  Time since last request: 68.572749 seconds.
  path: Assets/Scripts/EventSignupSystem.cs
  artifactKey: Guid(dd783be4fa010b842a8df1eb1bd610e2) Importer(815301076,1909f56bfc062723c751e8b465ee728b)
Start importing Assets/Scripts/EventSignupSystem.cs using Guid(dd783be4fa010b842a8df1eb1bd610e2) Importer(815301076,1909f56bfc062723c751e8b465ee728b)  -> (artifact id: '34b10adb050b9cadf214a42b6f85cdb2') in 0.174344 seconds 
========================================================================
Received Import Request.
  Time since last request: 1.762456 seconds.
  path: Assets/Scripts/GuidesSystem.cs
  artifactKey: Guid(7dcbf67792678604a87db97732acdf96) Importer(815301076,1909f56bfc062723c751e8b465ee728b)
Start importing Assets/Scripts/GuidesSystem.cs using Guid(7dcbf67792678604a87db97732acdf96) Importer(815301076,1909f56bfc062723c751e8b465ee728b)  -> (artifact id: '36bec2927043c7a6336f5844d75d8266') in 0.023632 seconds 
========================================================================
Received Import Request.
  Time since last request: 7.748476 seconds.
  path: Assets/Scripts/LoginSystem.cs
  artifactKey: Guid(68b59f035864f8a4b8e55c325dfa614f) Importer(815301076,1909f56bfc062723c751e8b465ee728b)
Start importing Assets/Scripts/LoginSystem.cs using Guid(68b59f035864f8a4b8e55c325dfa614f) Importer(815301076,1909f56bfc062723c751e8b465ee728b)  -> (artifact id: 'daf98331e4ab8e78ca112e41622a4da9') in 0.015814 seconds 
========================================================================
Received Import Request.
  Time since last request: 129.346013 seconds.
  path: Assets/Scenes/AboutMyselfPage.unity
  artifactKey: Guid(edc368085c12fdf45a6291364666979b) Importer(815301076,1909f56bfc062723c751e8b465ee728b)
Start importing Assets/Scenes/AboutMyselfPage.unity using Guid(edc368085c12fdf45a6291364666979b) Importer(815301076,1909f56bfc062723c751e8b465ee728b)  -> (artifact id: 'ca645a6924707a166f8e916ecad96900') in 0.005299 seconds 
========================================================================
Received Prepare
Registering precompiled user dll's ...
Registered in 0.016966 seconds.
Begin MonoManager ReloadAssembly
Symbol file LoadedFromMemory doesn't match image C:\Users\User\Documents\GitHub\GDP2023\CareSupport\Library\PackageCache\com.unity.visualscripting@1.7.6\Editor\VisualScripting.Core\Dependencies\DotNetZip\Unity.VisualScripting.IonicZip.dll
Symbol file LoadedFromMemory doesn't match image C:\Users\User\Documents\GitHub\GDP2023\CareSupport\Library\PackageCache\com.unity.visualscripting@1.7.6\Editor\VisualScripting.Core\Dependencies\YamlDotNet\Unity.VisualScripting.YamlDotNet.dll
Symbol file LoadedFromMemory is not a mono symbol file
Native extension for WindowsStandalone target not found
Native extension for Android target not found
Native extension for WebGL target not found
Refreshing native plugins compatible for Editor in 1.97 ms, found 6 plugins.
Preloading 0 native plugins for Editor in 0.00 ms.
Mono: successfully reloaded assembly
- Completed reload, in  2.888 seconds
Domain Reload Profiling:
	ReloadAssembly (2890ms)
		BeginReloadAssembly (211ms)
			ExecutionOrderSort (0ms)
			DisableScriptedObjects (10ms)
			BackupInstance (0ms)
			ReleaseScriptingObjects (0ms)
			CreateAndSetChildDomain (61ms)
		EndReloadAssembly (2353ms)
			LoadAssemblies (201ms)
			RebuildTransferFunctionScriptingTraits (0ms)
			SetupTypeCache (785ms)
			ReleaseScriptCaches (4ms)
			RebuildScriptCaches (141ms)
			SetupLoadedEditorAssemblies (1048ms)
				LogAssemblyErrors (0ms)
				InitializePlatformSupportModulesInManaged (39ms)
				SetLoadedEditorAssemblies (1ms)
				RefreshPlugins (2ms)
				BeforeProcessingInitializeOnLoad (136ms)
				ProcessInitializeOnLoadAttributes (805ms)
				ProcessInitializeOnLoadMethodAttributes (43ms)
				AfterProcessingInitializeOnLoad (20ms)
				EditorAssembliesLoaded (0ms)
			ExecutionOrderSort2 (0ms)
			AwakeInstancesAfterBackupRestoration (22ms)
Platform modules already initialized, skipping
Refreshing native plugins compatible for Editor in 26.18 ms, found 6 plugins.
Preloading 0 native plugins for Editor in 0.00 ms.
Unloading 4256 Unused Serialized files (Serialized files now loaded: 0)
Unloading 133 unused Assets / (196.1 KB). Loaded Objects now: 4597.
Memory consumption went from 162.3 MB to 162.1 MB.
Total: 4.400300 ms (FindLiveObjects: 0.337200 ms CreateObjectMapping: 0.246200 ms MarkObjects: 3.636900 ms  DeleteObjects: 0.178100 ms)

AssetImportParameters requested are different than current active one (requested -> active):
  custom:video-decoder-ogg-theora: a1e56fd34408186e4bbccfd4996cb3dc -> 
  custom:container-muxer-webm: aa71ff27fc2769a1b78a27578f13a17b -> 
  custom:container-demuxer-webm: 4f35f7cbe854078d1ac9338744f61a02 -> 
  custom:video-encoder-webm-vp8: eb34c28f22e8b96e1ab97ce403110664 -> 
  custom:audio-encoder-webm-vorbis: bf7c407c2cedff20999df2af8eb42d56 -> 
  custom:framework-win-MediaFoundation: 216162199b28c13a410421893ffa2e32 -> 
  custom:container-demuxer-ogg: 62fdf1f143b41e24485cea50d1cbac27 -> 
  custom:video-decoder-webm-vp8: 9c59270c3fd7afecdb556c50c9e8de78 -> 
  custom:audio-decoder-ogg-vorbis: bf7c407c2cedff20999df2af8eb42d56 -> 
========================================================================
Received Import Request.
  Time since last request: 2665.938022 seconds.
  path: Assets/Scenes/ProfilePage.unity
  artifactKey: Guid(f4c2c61ec93a8a94594be919a6cc3c28) Importer(815301076,1909f56bfc062723c751e8b465ee728b)
Start importing Assets/Scenes/ProfilePage.unity using Guid(f4c2c61ec93a8a94594be919a6cc3c28) Importer(815301076,1909f56bfc062723c751e8b465ee728b)  -> (artifact id: '0114c9993893c0fd9994b1618cd109a7') in 0.057695 seconds 
========================================================================
Received Import Request.
  Time since last request: 32.810649 seconds.
  path: Assets/Scenes/AboutMyselfPage.unity
  artifactKey: Guid(edc368085c12fdf45a6291364666979b) Importer(815301076,1909f56bfc062723c751e8b465ee728b)
Start importing Assets/Scenes/AboutMyselfPage.unity using Guid(edc368085c12fdf45a6291364666979b) Importer(815301076,1909f56bfc062723c751e8b465ee728b)  -> (artifact id: '57f03a574e88c978aa8565514d8331d2') in 0.020598 seconds 
========================================================================
Received Import Request.
  Time since last request: 91.451187 seconds.
  path: Assets/Scenes/AboutMyselfPage.unity
  artifactKey: Guid(edc368085c12fdf45a6291364666979b) Importer(815301076,1909f56bfc062723c751e8b465ee728b)
Start importing Assets/Scenes/AboutMyselfPage.unity using Guid(edc368085c12fdf45a6291364666979b) Importer(815301076,1909f56bfc062723c751e8b465ee728b)  -> (artifact id: '8ca90bd6746006c722cb2ee44fbbcc6c') in 0.003747 seconds 
========================================================================
Received Import Request.
  Time since last request: 98.022328 seconds.
  path: Assets/Scripts/AboutMyselfPage.cs
  artifactKey: Guid(937251e2832247248bc4731f04343ce3) Importer(815301076,1909f56bfc062723c751e8b465ee728b)
Start importing Assets/Scripts/AboutMyselfPage.cs using Guid(937251e2832247248bc4731f04343ce3) Importer(815301076,1909f56bfc062723c751e8b465ee728b)  -> (artifact id: '6129ae2dc1bc1fb29a765188612842e2') in 0.020269 seconds 
========================================================================
Received Prepare
Registering precompiled user dll's ...
Registered in 0.018652 seconds.
Begin MonoManager ReloadAssembly
Symbol file LoadedFromMemory doesn't match image C:\Users\User\Documents\GitHub\GDP2023\CareSupport\Library\PackageCache\com.unity.visualscripting@1.7.6\Editor\VisualScripting.Core\Dependencies\DotNetZip\Unity.VisualScripting.IonicZip.dll
Symbol file LoadedFromMemory doesn't match image C:\Users\User\Documents\GitHub\GDP2023\CareSupport\Library\PackageCache\com.unity.visualscripting@1.7.6\Editor\VisualScripting.Core\Dependencies\YamlDotNet\Unity.VisualScripting.YamlDotNet.dll
Symbol file LoadedFromMemory is not a mono symbol file
Native extension for WindowsStandalone target not found
Native extension for Android target not found
Native extension for WebGL target not found
Refreshing native plugins compatible for Editor in 2.07 ms, found 6 plugins.
Preloading 0 native plugins for Editor in 0.00 ms.
Unable to write to 'ProjectSettings\GvhProjectSettings.xml' (System.IO.IOException: Sharing violation on path C:\Users\User\Documents\GitHub\GDP2023\CareSupport\ProjectSettings\GvhProjectSettings.xml
  at System.IO.FileStream..ctor (System.String path, System.IO.FileMode mode, System.IO.FileAccess access, System.IO.FileShare share, System.Int32 bufferSize, System.Boolean anonymous, System.IO.FileOptions options) [0x0019e] in <6073cf49ed704e958b8a66d540dea948>:0 
  at System.IO.FileStream..ctor (System.String path, System.IO.FileMode mode, System.IO.FileAccess access, System.IO.FileShare share, System.Int32 bufferSize, System.IO.FileOptions options) [0x00000] in <6073cf49ed704e958b8a66d540dea948>:0 
  at System.IO.FileStream..ctor (System.String path, System.IO.FileMode mode, System.IO.FileAccess access, System.IO.FileShare share, System.Int32 bufferSize, System.Boolean useAsync) [0x00000] in <6073cf49ed704e958b8a66d540dea948>:0 
  at (wrapper remoting-invoke-with-check) System.IO.FileStream..ctor(string,System.IO.FileMode,System.IO.FileAccess,System.IO.FileShare,int,bool)
  at System.Xml.XmlWriterSettings.CreateWriter (System.String outputFileName) [0x00051] in <938a03e8c5f34c788591fc3c21d5b34b>:0 
  at System.Xml.XmlWriter.Create (System.String outputFileName, System.Xml.XmlWriterSettings settings) [0x0000a] in <938a03e8c5f34c788591fc3c21d5b34b>:0 
  at Google.ProjectSettings.Save () [0x000ae] in <fd652497f41b40b288869eaa9aba10d2>:0 , Project settings were not saved!
0x00007ff7319fa53d (Unity) StackWalker::GetCurrentCallstack
0x00007ff731a01299 (Unity) StackWalker::ShowCallstack
0x00007ff732965de3 (Unity) GetStacktrace
0x00007ff732fef47d (Unity) DebugStringToFile
0x00007ff730b429a2 (Unity) DebugLogHandler_CUSTOM_Internal_Log
0x00000209c79ba243 (Mono JIT Code) (wrapper managed-to-native) UnityEngine.DebugLogHandler:Internal_Log (UnityEngine.LogType,UnityEngine.LogOption,string,UnityEngine.Object)
0x00000209c79b9f2b (Mono JIT Code) UnityEngine.DebugLogHandler:LogFormat (UnityEngine.LogType,UnityEngine.Object,string,object[])
0x00000209c79b9cb0 (Mono JIT Code) UnityEngine.Logger:Log (UnityEngine.LogType,object)
0x00000209c79b9b75 (Mono JIT Code) UnityEngine.Debug:LogError (object)
0x00000209c8acba5b (Mono JIT Code) Google.Logger:Log (string,Google.LogLevel)
0x00000209c79b20fb (Mono JIT Code) Google.ProjectSettings:Save ()
0x00000209c79b18ab (Mono JIT Code) Google.ProjectSettings:SetBool (string,bool,Google.SettingsLocation)
0x00000209c79b17c3 (Mono JIT Code) Google.ProjectSettings:SetBool (string,bool)
0x00000209c79b1733 (Mono JIT Code) Google.IOSResolver:set_VerboseLoggingEnabled (bool)
0x00000209c9f6e00b (Mono JIT Code) Google.IOSResolver:.cctor ()
0x00000209c9f6e265 (Mono JIT Code) (wrapper runtime-invoke) object:runtime_invoke_void (object,intptr,intptr,intptr)
0x00007ffd2cc1e0a4 (mono-2.0-bdwgc) [mini-runtime.c:3445] mono_jit_runtime_invoke 
0x00007ffd2cb5e744 (mono-2.0-bdwgc) [object.c:3066] do_runtime_invoke 
0x00007ffd2cb597f0 (mono-2.0-bdwgc) [object.c:563] mono_runtime_class_init_full 
0x00007ffd2cac6240 (mono-2.0-bdwgc) [icall-def.h:751] ves_icall_System_Runtime_CompilerServices_RuntimeHelpers_RunClassConstructor_raw 
0x00000209c9b940ca (Mono JIT Code) (wrapper managed-to-native) System.Runtime.CompilerServices.RuntimeHelpers:RunClassConstructor (intptr)
0x00000209c9b93fdb (Mono JIT Code) System.Runtime.CompilerServices.RuntimeHelpers:RunClassConstructor (System.RuntimeTypeHandle)
0x00000209c9b92f93 (Mono JIT Code) UnityEditor.EditorAssemblies:ProcessInitializeOnLoadAttributes (System.Type[])
0x00000209c9c9f918 (Mono JIT Code) (wrapper runtime-invoke) <Module>:runtime_invoke_void_object (object,intptr,intptr,intptr)
0x00007ffd2cc1e0a4 (mono-2.0-bdwgc) [mini-runtime.c:3445] mono_jit_runtime_invoke 
0x00007ffd2cb5e744 (mono-2.0-bdwgc) [object.c:3066] do_runtime_invoke 
0x00007ffd2cb5e8dc (mono-2.0-bdwgc) [object.c:3113] mono_runtime_invoke 
0x00007ff73191ecf4 (Unity) scripting_method_invoke
0x00007ff731919914 (Unity) ScriptingInvocation::Invoke
0x00007ff731913235 (Unity) ScriptingInvocation::Invoke<void>
0x00007ff731a51f33 (Unity) Scripting::UnityEditor::EditorAssembliesProxy::ProcessInitializeOnLoadAttributes
0x00007ff7318f328b (Unity) MonoManager::SetupLoadedEditorAssemblies
0x00007ff7318e8e5d (Unity) MonoManager::EndReloadAssembly
0x00007ff7318f0888 (Unity) MonoManager::ReloadAssembly
0x00007ff7328218d2 (Unity) LoadDomainAndUserAssemblies
0x00007ff732822004 (Unity) LoadUserAssemblies
0x00007ff732cb2fd8 (Unity) <lambda_c8aac203af85da22e031a8e6d38250eb>::operator()
0x00007ff732d47ed2 (Unity) asio::detail::completion_handler<core::mutable_function<void __cdecl(void)> >::do_complete
0x00007ff732d4a15d (Unity) asio::detail::win_iocp_io_service::do_one
0x00007ff732d4d57e (Unity) asio::io_service::run
0x00007ff732d46371 (Unity) IOService::Run
0x00007ff732cdf828 (Unity) RunAssetImportWorkerClientV2
0x00007ff732cdf8fb (Unity) RunAssetImporterV2
0x00007ff732518820 (Unity) Application::InitializeProject
0x00007ff732970548 (Unity) WinMain
0x00007ff733c91d4e (Unity) __scrt_common_main_seh
0x00007ffe62a07034 (KERNEL32) BaseThreadInitThunk
0x00007ffe649c2651 (ntdll) RtlUserThreadStart

Mono: successfully reloaded assembly
- Completed reload, in  3.280 seconds
Domain Reload Profiling:
	ReloadAssembly (3283ms)
		BeginReloadAssembly (589ms)
			ExecutionOrderSort (0ms)
			DisableScriptedObjects (53ms)
			BackupInstance (0ms)
			ReleaseScriptingObjects (0ms)
			CreateAndSetChildDomain (328ms)
		EndReloadAssembly (2527ms)
			LoadAssemblies (255ms)
			RebuildTransferFunctionScriptingTraits (0ms)
			SetupTypeCache (733ms)
			ReleaseScriptCaches (2ms)
			RebuildScriptCaches (81ms)
			SetupLoadedEditorAssemblies (1402ms)
				LogAssemblyErrors (0ms)
				InitializePlatformSupportModulesInManaged (41ms)
				SetLoadedEditorAssemblies (1ms)
				RefreshPlugins (2ms)
				BeforeProcessingInitializeOnLoad (143ms)
				ProcessInitializeOnLoadAttributes (1152ms)
				ProcessInitializeOnLoadMethodAttributes (52ms)
				AfterProcessingInitializeOnLoad (10ms)
				EditorAssembliesLoaded (0ms)
			ExecutionOrderSort2 (0ms)
			AwakeInstancesAfterBackupRestoration (15ms)
Platform modules already initialized, skipping
Refreshing native plugins compatible for Editor in 14.45 ms, found 6 plugins.
Preloading 0 native plugins for Editor in 0.00 ms.
Unloading 4256 Unused Serialized files (Serialized files now loaded: 0)
Unloading 133 unused Assets / (195.9 KB). Loaded Objects now: 4600.
Memory consumption went from 162.4 MB to 162.3 MB.
Total: 6.884900 ms (FindLiveObjects: 0.737400 ms CreateObjectMapping: 0.337900 ms MarkObjects: 5.422600 ms  DeleteObjects: 0.384800 ms)

AssetImportParameters requested are different than current active one (requested -> active):
  custom:video-decoder-ogg-theora: a1e56fd34408186e4bbccfd4996cb3dc -> 
  custom:container-muxer-webm: aa71ff27fc2769a1b78a27578f13a17b -> 
  custom:container-demuxer-webm: 4f35f7cbe854078d1ac9338744f61a02 -> 
  custom:video-encoder-webm-vp8: eb34c28f22e8b96e1ab97ce403110664 -> 
  custom:audio-encoder-webm-vorbis: bf7c407c2cedff20999df2af8eb42d56 -> 
  custom:framework-win-MediaFoundation: 216162199b28c13a410421893ffa2e32 -> 
  custom:container-demuxer-ogg: 62fdf1f143b41e24485cea50d1cbac27 -> 
  custom:video-decoder-webm-vp8: 9c59270c3fd7afecdb556c50c9e8de78 -> 
  custom:audio-decoder-ogg-vorbis: bf7c407c2cedff20999df2af8eb42d56 -> 
========================================================================
Received Prepare
Registering precompiled user dll's ...
Registered in 0.019409 seconds.
Begin MonoManager ReloadAssembly
Symbol file LoadedFromMemory doesn't match image C:\Users\User\Documents\GitHub\GDP2023\CareSupport\Library\PackageCache\com.unity.visualscripting@1.7.6\Editor\VisualScripting.Core\Dependencies\DotNetZip\Unity.VisualScripting.IonicZip.dll
Symbol file LoadedFromMemory doesn't match image C:\Users\User\Documents\GitHub\GDP2023\CareSupport\Library\PackageCache\com.unity.visualscripting@1.7.6\Editor\VisualScripting.Core\Dependencies\YamlDotNet\Unity.VisualScripting.YamlDotNet.dll
Symbol file LoadedFromMemory is not a mono symbol file
Native extension for WindowsStandalone target not found
Native extension for Android target not found
Native extension for WebGL target not found
Refreshing native plugins compatible for Editor in 1.70 ms, found 6 plugins.
Preloading 0 native plugins for Editor in 0.00 ms.
Unable to write to 'ProjectSettings\GvhProjectSettings.xml' (System.IO.IOException: Sharing violation on path C:\Users\User\Documents\GitHub\GDP2023\CareSupport\ProjectSettings\GvhProjectSettings.xml
  at System.IO.FileStream..ctor (System.String path, System.IO.FileMode mode, System.IO.FileAccess access, System.IO.FileShare share, System.Int32 bufferSize, System.Boolean anonymous, System.IO.FileOptions options) [0x0019e] in <6073cf49ed704e958b8a66d540dea948>:0 
  at System.IO.FileStream..ctor (System.String path, System.IO.FileMode mode, System.IO.FileAccess access, System.IO.FileShare share, System.Int32 bufferSize, System.IO.FileOptions options) [0x00000] in <6073cf49ed704e958b8a66d540dea948>:0 
  at System.IO.FileStream..ctor (System.String path, System.IO.FileMode mode, System.IO.FileAccess access, System.IO.FileShare share, System.Int32 bufferSize, System.Boolean useAsync) [0x00000] in <6073cf49ed704e958b8a66d540dea948>:0 
  at (wrapper remoting-invoke-with-check) System.IO.FileStream..ctor(string,System.IO.FileMode,System.IO.FileAccess,System.IO.FileShare,int,bool)
  at System.Xml.XmlWriterSettings.CreateWriter (System.String outputFileName) [0x00051] in <938a03e8c5f34c788591fc3c21d5b34b>:0 
  at System.Xml.XmlWriter.Create (System.String outputFileName, System.Xml.XmlWriterSettings settings) [0x0000a] in <938a03e8c5f34c788591fc3c21d5b34b>:0 
  at Google.ProjectSettings.Save () [0x000ae] in <fd652497f41b40b288869eaa9aba10d2>:0 , Project settings were not saved!
0x00007ff7319fa53d (Unity) StackWalker::GetCurrentCallstack
0x00007ff731a01299 (Unity) StackWalker::ShowCallstack
0x00007ff732965de3 (Unity) GetStacktrace
0x00007ff732fef47d (Unity) DebugStringToFile
0x00007ff730b429a2 (Unity) DebugLogHandler_CUSTOM_Internal_Log
0x0000020a13f4a243 (Mono JIT Code) (wrapper managed-to-native) UnityEngine.DebugLogHandler:Internal_Log (UnityEngine.LogType,UnityEngine.LogOption,string,UnityEngine.Object)
0x0000020a13f49f2b (Mono JIT Code) UnityEngine.DebugLogHandler:LogFormat (UnityEngine.LogType,UnityEngine.Object,string,object[])
0x0000020a13f49cb0 (Mono JIT Code) UnityEngine.Logger:Log (UnityEngine.LogType,object)
0x0000020a13f49b75 (Mono JIT Code) UnityEngine.Debug:LogError (object)
0x0000020a127dba5b (Mono JIT Code) Google.Logger:Log (string,Google.LogLevel)
0x0000020a13f420fb (Mono JIT Code) Google.ProjectSettings:Save ()
0x0000020a13f418ab (Mono JIT Code) Google.ProjectSettings:SetBool (string,bool,Google.SettingsLocation)
0x0000020a13f417c3 (Mono JIT Code) Google.ProjectSettings:SetBool (string,bool)
0x0000020a13f41733 (Mono JIT Code) Google.IOSResolver:set_VerboseLoggingEnabled (bool)
0x0000020a137ce29b (Mono JIT Code) Google.IOSResolver:.cctor ()
0x0000020a137ce4f5 (Mono JIT Code) (wrapper runtime-invoke) object:runtime_invoke_void (object,intptr,intptr,intptr)
0x00007ffd2cc1e0a4 (mono-2.0-bdwgc) [mini-runtime.c:3445] mono_jit_runtime_invoke 
0x00007ffd2cb5e744 (mono-2.0-bdwgc) [object.c:3066] do_runtime_invoke 
0x00007ffd2cb597f0 (mono-2.0-bdwgc) [object.c:563] mono_runtime_class_init_full 
0x00007ffd2cac6240 (mono-2.0-bdwgc) [icall-def.h:751] ves_icall_System_Runtime_CompilerServices_RuntimeHelpers_RunClassConstructor_raw 
0x00000209c79b40ca (Mono JIT Code) (wrapper managed-to-native) System.Runtime.CompilerServices.RuntimeHelpers:RunClassConstructor (intptr)
0x00000209c79b3fdb (Mono JIT Code) System.Runtime.CompilerServices.RuntimeHelpers:RunClassConstructor (System.RuntimeTypeHandle)
0x00000209c79b2f93 (Mono JIT Code) UnityEditor.EditorAssemblies:ProcessInitializeOnLoadAttributes (System.Type[])
0x00000209cdb2f918 (Mono JIT Code) (wrapper runtime-invoke) <Module>:runtime_invoke_void_object (object,intptr,intptr,intptr)
0x00007ffd2cc1e0a4 (mono-2.0-bdwgc) [mini-runtime.c:3445] mono_jit_runtime_invoke 
0x00007ffd2cb5e744 (mono-2.0-bdwgc) [object.c:3066] do_runtime_invoke 
0x00007ffd2cb5e8dc (mono-2.0-bdwgc) [object.c:3113] mono_runtime_invoke 
0x00007ff73191ecf4 (Unity) scripting_method_invoke
0x00007ff731919914 (Unity) ScriptingInvocation::Invoke
0x00007ff731913235 (Unity) ScriptingInvocation::Invoke<void>
0x00007ff731a51f33 (Unity) Scripting::UnityEditor::EditorAssembliesProxy::ProcessInitializeOnLoadAttributes
0x00007ff7318f328b (Unity) MonoManager::SetupLoadedEditorAssemblies
0x00007ff7318e8e5d (Unity) MonoManager::EndReloadAssembly
0x00007ff7318f0888 (Unity) MonoManager::ReloadAssembly
0x00007ff7328218d2 (Unity) LoadDomainAndUserAssemblies
0x00007ff732822004 (Unity) LoadUserAssemblies
0x00007ff732cb2fd8 (Unity) <lambda_c8aac203af85da22e031a8e6d38250eb>::operator()
0x00007ff732d47ed2 (Unity) asio::detail::completion_handler<core::mutable_function<void __cdecl(void)> >::do_complete
0x00007ff732d4a15d (Unity) asio::detail::win_iocp_io_service::do_one
0x00007ff732d4d57e (Unity) asio::io_service::run
0x00007ff732d46371 (Unity) IOService::Run
0x00007ff732cdf828 (Unity) RunAssetImportWorkerClientV2
0x00007ff732cdf8fb (Unity) RunAssetImporterV2
0x00007ff732518820 (Unity) Application::InitializeProject
0x00007ff732970548 (Unity) WinMain
0x00007ff733c91d4e (Unity) __scrt_common_main_seh
0x00007ffe62a07034 (KERNEL32) BaseThreadInitThunk
0x00007ffe649c2651 (ntdll) RtlUserThreadStart

Mono: successfully reloaded assembly
- Completed reload, in  2.024 seconds
Domain Reload Profiling:
	ReloadAssembly (2025ms)
		BeginReloadAssembly (235ms)
			ExecutionOrderSort (0ms)
			DisableScriptedObjects (13ms)
			BackupInstance (0ms)
			ReleaseScriptingObjects (0ms)
			CreateAndSetChildDomain (60ms)
		EndReloadAssembly (1606ms)
			LoadAssemblies (250ms)
			RebuildTransferFunctionScriptingTraits (0ms)
			SetupTypeCache (505ms)
			ReleaseScriptCaches (2ms)
			RebuildScriptCaches (102ms)
			SetupLoadedEditorAssemblies (697ms)
				LogAssemblyErrors (0ms)
				InitializePlatformSupportModulesInManaged (44ms)
				SetLoadedEditorAssemblies (1ms)
				RefreshPlugins (2ms)
				BeforeProcessingInitializeOnLoad (164ms)
				ProcessInitializeOnLoadAttributes (431ms)
				ProcessInitializeOnLoadMethodAttributes (45ms)
				AfterProcessingInitializeOnLoad (10ms)
				EditorAssembliesLoaded (0ms)
			ExecutionOrderSort2 (0ms)
			AwakeInstancesAfterBackupRestoration (10ms)
Platform modules already initialized, skipping
Refreshing native plugins compatible for Editor in 14.33 ms, found 6 plugins.
Preloading 0 native plugins for Editor in 0.00 ms.
Unloading 4256 Unused Serialized files (Serialized files now loaded: 0)
Unloading 133 unused Assets / (195.9 KB). Loaded Objects now: 4603.
Memory consumption went from 162.4 MB to 162.3 MB.
Total: 4.027700 ms (FindLiveObjects: 0.387900 ms CreateObjectMapping: 0.311500 ms MarkObjects: 2.955000 ms  DeleteObjects: 0.371300 ms)

AssetImportParameters requested are different than current active one (requested -> active):
  custom:video-decoder-ogg-theora: a1e56fd34408186e4bbccfd4996cb3dc -> 
  custom:container-muxer-webm: aa71ff27fc2769a1b78a27578f13a17b -> 
  custom:container-demuxer-webm: 4f35f7cbe854078d1ac9338744f61a02 -> 
  custom:video-encoder-webm-vp8: eb34c28f22e8b96e1ab97ce403110664 -> 
  custom:audio-encoder-webm-vorbis: bf7c407c2cedff20999df2af8eb42d56 -> 
  custom:framework-win-MediaFoundation: 216162199b28c13a410421893ffa2e32 -> 
  custom:container-demuxer-ogg: 62fdf1f143b41e24485cea50d1cbac27 -> 
  custom:video-decoder-webm-vp8: 9c59270c3fd7afecdb556c50c9e8de78 -> 
  custom:audio-decoder-ogg-vorbis: bf7c407c2cedff20999df2af8eb42d56 -> 
========================================================================
Received Prepare
Registering precompiled user dll's ...
Registered in 0.010573 seconds.
Begin MonoManager ReloadAssembly
Symbol file LoadedFromMemory doesn't match image C:\Users\User\Documents\GitHub\GDP2023\CareSupport\Library\PackageCache\com.unity.visualscripting@1.7.6\Editor\VisualScripting.Core\Dependencies\DotNetZip\Unity.VisualScripting.IonicZip.dll
Symbol file LoadedFromMemory doesn't match image C:\Users\User\Documents\GitHub\GDP2023\CareSupport\Library\PackageCache\com.unity.visualscripting@1.7.6\Editor\VisualScripting.Core\Dependencies\YamlDotNet\Unity.VisualScripting.YamlDotNet.dll
Symbol file LoadedFromMemory is not a mono symbol file
Native extension for WindowsStandalone target not found
Native extension for Android target not found
Native extension for WebGL target not found
Refreshing native plugins compatible for Editor in 1.70 ms, found 6 plugins.
Preloading 0 native plugins for Editor in 0.00 ms.
Mono: successfully reloaded assembly
- Completed reload, in  1.917 seconds
Domain Reload Profiling:
	ReloadAssembly (1918ms)
		BeginReloadAssembly (172ms)
			ExecutionOrderSort (0ms)
			DisableScriptedObjects (9ms)
			BackupInstance (0ms)
			ReleaseScriptingObjects (0ms)
			CreateAndSetChildDomain (46ms)
		EndReloadAssembly (1587ms)
			LoadAssemblies (158ms)
			RebuildTransferFunctionScriptingTraits (0ms)
			SetupTypeCache (461ms)
			ReleaseScriptCaches (2ms)
			RebuildScriptCaches (72ms)
			SetupLoadedEditorAssemblies (792ms)
				LogAssemblyErrors (0ms)
				InitializePlatformSupportModulesInManaged (43ms)
				SetLoadedEditorAssemblies (1ms)
				RefreshPlugins (2ms)
				BeforeProcessingInitializeOnLoad (128ms)
				ProcessInitializeOnLoadAttributes (543ms)
				ProcessInitializeOnLoadMethodAttributes (61ms)
				AfterProcessingInitializeOnLoad (15ms)
				EditorAssembliesLoaded (0ms)
			ExecutionOrderSort2 (0ms)
			AwakeInstancesAfterBackupRestoration (12ms)
Platform modules already initialized, skipping
Refreshing native plugins compatible for Editor in 27.18 ms, found 6 plugins.
Preloading 0 native plugins for Editor in 0.00 ms.
Unloading 4256 Unused Serialized files (Serialized files now loaded: 0)
Unloading 133 unused Assets / (195.8 KB). Loaded Objects now: 4606.
Memory consumption went from 162.5 MB to 162.3 MB.
Total: 8.230700 ms (FindLiveObjects: 0.432200 ms CreateObjectMapping: 0.416700 ms MarkObjects: 6.677400 ms  DeleteObjects: 0.702500 ms)

AssetImportParameters requested are different than current active one (requested -> active):
  custom:video-decoder-ogg-theora: a1e56fd34408186e4bbccfd4996cb3dc -> 
  custom:container-muxer-webm: aa71ff27fc2769a1b78a27578f13a17b -> 
  custom:container-demuxer-webm: 4f35f7cbe854078d1ac9338744f61a02 -> 
  custom:video-encoder-webm-vp8: eb34c28f22e8b96e1ab97ce403110664 -> 
  custom:audio-encoder-webm-vorbis: bf7c407c2cedff20999df2af8eb42d56 -> 
  custom:framework-win-MediaFoundation: 216162199b28c13a410421893ffa2e32 -> 
  custom:container-demuxer-ogg: 62fdf1f143b41e24485cea50d1cbac27 -> 
  custom:video-decoder-webm-vp8: 9c59270c3fd7afecdb556c50c9e8de78 -> 
  custom:audio-decoder-ogg-vorbis: bf7c407c2cedff20999df2af8eb42d56 -> 
========================================================================
Received Prepare
Registering precompiled user dll's ...
Registered in 0.016461 seconds.
Begin MonoManager ReloadAssembly
Symbol file LoadedFromMemory doesn't match image C:\Users\User\Documents\GitHub\GDP2023\CareSupport\Library\PackageCache\com.unity.visualscripting@1.7.6\Editor\VisualScripting.Core\Dependencies\DotNetZip\Unity.VisualScripting.IonicZip.dll
Symbol file LoadedFromMemory doesn't match image C:\Users\User\Documents\GitHub\GDP2023\CareSupport\Library\PackageCache\com.unity.visualscripting@1.7.6\Editor\VisualScripting.Core\Dependencies\YamlDotNet\Unity.VisualScripting.YamlDotNet.dll
Symbol file LoadedFromMemory is not a mono symbol file
Native extension for WindowsStandalone target not found
Native extension for Android target not found
Native extension for WebGL target not found
Refreshing native plugins compatible for Editor in 2.13 ms, found 6 plugins.
Preloading 0 native plugins for Editor in 0.00 ms.
Mono: successfully reloaded assembly
- Completed reload, in  1.929 seconds
Domain Reload Profiling:
	ReloadAssembly (1930ms)
		BeginReloadAssembly (187ms)
			ExecutionOrderSort (0ms)
			DisableScriptedObjects (12ms)
			BackupInstance (0ms)
			ReleaseScriptingObjects (0ms)
			CreateAndSetChildDomain (48ms)
		EndReloadAssembly (1584ms)
			LoadAssemblies (240ms)
			RebuildTransferFunctionScriptingTraits (0ms)
			SetupTypeCache (366ms)
			ReleaseScriptCaches (2ms)
			RebuildScriptCaches (91ms)
			SetupLoadedEditorAssemblies (783ms)
				LogAssemblyErrors (0ms)
				InitializePlatformSupportModulesInManaged (43ms)
				SetLoadedEditorAssemblies (2ms)
				RefreshPlugins (2ms)
				BeforeProcessingInitializeOnLoad (139ms)
				ProcessInitializeOnLoadAttributes (520ms)
				ProcessInitializeOnLoadMethodAttributes (62ms)
				AfterProcessingInitializeOnLoad (15ms)
				EditorAssembliesLoaded (0ms)
			ExecutionOrderSort2 (0ms)
			AwakeInstancesAfterBackupRestoration (14ms)
Platform modules already initialized, skipping
Refreshing native plugins compatible for Editor in 18.09 ms, found 6 plugins.
Preloading 0 native plugins for Editor in 0.00 ms.
Unloading 4256 Unused Serialized files (Serialized files now loaded: 0)
Unloading 133 unused Assets / (195.9 KB). Loaded Objects now: 4609.
Memory consumption went from 162.5 MB to 162.3 MB.
Total: 5.518400 ms (FindLiveObjects: 0.405900 ms CreateObjectMapping: 0.379300 ms MarkObjects: 4.273300 ms  DeleteObjects: 0.457500 ms)

AssetImportParameters requested are different than current active one (requested -> active):
  custom:video-decoder-ogg-theora: a1e56fd34408186e4bbccfd4996cb3dc -> 
  custom:container-muxer-webm: aa71ff27fc2769a1b78a27578f13a17b -> 
  custom:container-demuxer-webm: 4f35f7cbe854078d1ac9338744f61a02 -> 
  custom:video-encoder-webm-vp8: eb34c28f22e8b96e1ab97ce403110664 -> 
  custom:audio-encoder-webm-vorbis: bf7c407c2cedff20999df2af8eb42d56 -> 
  custom:framework-win-MediaFoundation: 216162199b28c13a410421893ffa2e32 -> 
  custom:container-demuxer-ogg: 62fdf1f143b41e24485cea50d1cbac27 -> 
  custom:video-decoder-webm-vp8: 9c59270c3fd7afecdb556c50c9e8de78 -> 
  custom:audio-decoder-ogg-vorbis: bf7c407c2cedff20999df2af8eb42d56 -> 
========================================================================
Received Prepare
Registering precompiled user dll's ...
Registered in 0.019202 seconds.
Begin MonoManager ReloadAssembly
Symbol file LoadedFromMemory doesn't match image C:\Users\User\Documents\GitHub\GDP2023\CareSupport\Library\PackageCache\com.unity.visualscripting@1.7.6\Editor\VisualScripting.Core\Dependencies\DotNetZip\Unity.VisualScripting.IonicZip.dll
Symbol file LoadedFromMemory doesn't match image C:\Users\User\Documents\GitHub\GDP2023\CareSupport\Library\PackageCache\com.unity.visualscripting@1.7.6\Editor\VisualScripting.Core\Dependencies\YamlDotNet\Unity.VisualScripting.YamlDotNet.dll
Symbol file LoadedFromMemory is not a mono symbol file
Native extension for WindowsStandalone target not found
Native extension for Android target not found
Native extension for WebGL target not found
Refreshing native plugins compatible for Editor in 2.43 ms, found 6 plugins.
Preloading 0 native plugins for Editor in 0.00 ms.
Unable to write to 'ProjectSettings\GvhProjectSettings.xml' (System.IO.IOException: Sharing violation on path C:\Users\User\Documents\GitHub\GDP2023\CareSupport\ProjectSettings\GvhProjectSettings.xml
  at System.IO.FileStream..ctor (System.String path, System.IO.FileMode mode, System.IO.FileAccess access, System.IO.FileShare share, System.Int32 bufferSize, System.Boolean anonymous, System.IO.FileOptions options) [0x0019e] in <6073cf49ed704e958b8a66d540dea948>:0 
  at System.IO.FileStream..ctor (System.String path, System.IO.FileMode mode, System.IO.FileAccess access, System.IO.FileShare share, System.Int32 bufferSize, System.IO.FileOptions options) [0x00000] in <6073cf49ed704e958b8a66d540dea948>:0 
  at System.IO.FileStream..ctor (System.String path, System.IO.FileMode mode, System.IO.FileAccess access, System.IO.FileShare share, System.Int32 bufferSize, System.Boolean useAsync) [0x00000] in <6073cf49ed704e958b8a66d540dea948>:0 
  at (wrapper remoting-invoke-with-check) System.IO.FileStream..ctor(string,System.IO.FileMode,System.IO.FileAccess,System.IO.FileShare,int,bool)
  at System.Xml.XmlWriterSettings.CreateWriter (System.String outputFileName) [0x00051] in <938a03e8c5f34c788591fc3c21d5b34b>:0 
  at System.Xml.XmlWriter.Create (System.String outputFileName, System.Xml.XmlWriterSettings settings) [0x0000a] in <938a03e8c5f34c788591fc3c21d5b34b>:0 
  at Google.ProjectSettings.Save () [0x000ae] in <fd652497f41b40b288869eaa9aba10d2>:0 , Project settings were not saved!
0x00007ff7319fa53d (Unity) StackWalker::GetCurrentCallstack
0x00007ff731a01299 (Unity) StackWalker::ShowCallstack
0x00007ff732965de3 (Unity) GetStacktrace
0x00007ff732fef47d (Unity) DebugStringToFile
0x00007ff730b429a2 (Unity) DebugLogHandler_CUSTOM_Internal_Log
0x0000020a13f3a243 (Mono JIT Code) (wrapper managed-to-native) UnityEngine.DebugLogHandler:Internal_Log (UnityEngine.LogType,UnityEngine.LogOption,string,UnityEngine.Object)
0x0000020a13f39f2b (Mono JIT Code) UnityEngine.DebugLogHandler:LogFormat (UnityEngine.LogType,UnityEngine.Object,string,object[])
0x0000020a13f39cb0 (Mono JIT Code) UnityEngine.Logger:Log (UnityEngine.LogType,object)
0x0000020a13f39b75 (Mono JIT Code) UnityEngine.Debug:LogError (object)
0x00000209ca63ba5b (Mono JIT Code) Google.Logger:Log (string,Google.LogLevel)
0x0000020a13f320fb (Mono JIT Code) Google.ProjectSettings:Save ()
0x0000020a13f318ab (Mono JIT Code) Google.ProjectSettings:SetBool (string,bool,Google.SettingsLocation)
0x0000020a13f317c3 (Mono JIT Code) Google.ProjectSettings:SetBool (string,bool)
0x0000020a13f31733 (Mono JIT Code) Google.IOSResolver:set_VerboseLoggingEnabled (bool)
0x00000209cdb1e29b (Mono JIT Code) Google.IOSResolver:.cctor ()
0x00000209cdb1e4f5 (Mono JIT Code) (wrapper runtime-invoke) object:runtime_invoke_void (object,intptr,intptr,intptr)
0x00007ffd2cc1e0a4 (mono-2.0-bdwgc) [mini-runtime.c:3445] mono_jit_runtime_invoke 
0x00007ffd2cb5e744 (mono-2.0-bdwgc) [object.c:3066] do_runtime_invoke 
0x00007ffd2cb597f0 (mono-2.0-bdwgc) [object.c:563] mono_runtime_class_init_full 
0x00007ffd2cac6240 (mono-2.0-bdwgc) [icall-def.h:751] ves_icall_System_Runtime_CompilerServices_RuntimeHelpers_RunClassConstructor_raw 
0x00000209c9f640ca (Mono JIT Code) (wrapper managed-to-native) System.Runtime.CompilerServices.RuntimeHelpers:RunClassConstructor (intptr)
0x00000209c9f63fdb (Mono JIT Code) System.Runtime.CompilerServices.RuntimeHelpers:RunClassConstructor (System.RuntimeTypeHandle)
0x00000209c9f62f93 (Mono JIT Code) UnityEditor.EditorAssemblies:ProcessInitializeOnLoadAttributes (System.Type[])
0x00000209c9b9f918 (Mono JIT Code) (wrapper runtime-invoke) <Module>:runtime_invoke_void_object (object,intptr,intptr,intptr)
0x00007ffd2cc1e0a4 (mono-2.0-bdwgc) [mini-runtime.c:3445] mono_jit_runtime_invoke 
0x00007ffd2cb5e744 (mono-2.0-bdwgc) [object.c:3066] do_runtime_invoke 
0x00007ffd2cb5e8dc (mono-2.0-bdwgc) [object.c:3113] mono_runtime_invoke 
0x00007ff73191ecf4 (Unity) scripting_method_invoke
0x00007ff731919914 (Unity) ScriptingInvocation::Invoke
0x00007ff731913235 (Unity) ScriptingInvocation::Invoke<void>
0x00007ff731a51f33 (Unity) Scripting::UnityEditor::EditorAssembliesProxy::ProcessInitializeOnLoadAttributes
0x00007ff7318f328b (Unity) MonoManager::SetupLoadedEditorAssemblies
0x00007ff7318e8e5d (Unity) MonoManager::EndReloadAssembly
0x00007ff7318f0888 (Unity) MonoManager::ReloadAssembly
0x00007ff7328218d2 (Unity) LoadDomainAndUserAssemblies
0x00007ff732822004 (Unity) LoadUserAssemblies
0x00007ff732cb2fd8 (Unity) <lambda_c8aac203af85da22e031a8e6d38250eb>::operator()
0x00007ff732d47ed2 (Unity) asio::detail::completion_handler<core::mutable_function<void __cdecl(void)> >::do_complete
0x00007ff732d4a15d (Unity) asio::detail::win_iocp_io_service::do_one
0x00007ff732d4d57e (Unity) asio::io_service::run
0x00007ff732d46371 (Unity) IOService::Run
0x00007ff732cdf828 (Unity) RunAssetImportWorkerClientV2
0x00007ff732cdf8fb (Unity) RunAssetImporterV2
0x00007ff732518820 (Unity) Application::InitializeProject
0x00007ff732970548 (Unity) WinMain
0x00007ff733c91d4e (Unity) __scrt_common_main_seh
0x00007ffe62a07034 (KERNEL32) BaseThreadInitThunk
0x00007ffe649c2651 (ntdll) RtlUserThreadStart

Mono: successfully reloaded assembly
- Completed reload, in  2.379 seconds
Domain Reload Profiling:
	ReloadAssembly (2381ms)
		BeginReloadAssembly (244ms)
			ExecutionOrderSort (0ms)
			DisableScriptedObjects (13ms)
			BackupInstance (0ms)
			ReleaseScriptingObjects (0ms)
			CreateAndSetChildDomain (72ms)
		EndReloadAssembly (1936ms)
			LoadAssemblies (201ms)
			RebuildTransferFunctionScriptingTraits (0ms)
			SetupTypeCache (518ms)
			ReleaseScriptCaches (2ms)
			RebuildScriptCaches (98ms)
			SetupLoadedEditorAssemblies (1007ms)
				LogAssemblyErrors (0ms)
				InitializePlatformSupportModulesInManaged (46ms)
				SetLoadedEditorAssemblies (1ms)
				RefreshPlugins (3ms)
				BeforeProcessingInitializeOnLoad (154ms)
				ProcessInitializeOnLoadAttributes (713ms)
				ProcessInitializeOnLoadMethodAttributes (76ms)
				AfterProcessingInitializeOnLoad (15ms)
				EditorAssembliesLoaded (0ms)
			ExecutionOrderSort2 (0ms)
			AwakeInstancesAfterBackupRestoration (17ms)
Platform modules already initialized, skipping
Refreshing native plugins compatible for Editor in 63.69 ms, found 6 plugins.
Preloading 0 native plugins for Editor in 0.00 ms.
Unloading 4256 Unused Serialized files (Serialized files now loaded: 0)
Unloading 133 unused Assets / (195.9 KB). Loaded Objects now: 4612.
Memory consumption went from 162.5 MB to 162.3 MB.
Total: 17.581100 ms (FindLiveObjects: 1.039100 ms CreateObjectMapping: 0.804800 ms MarkObjects: 14.142700 ms  DeleteObjects: 1.591000 ms)

AssetImportParameters requested are different than current active one (requested -> active):
  custom:video-decoder-ogg-theora: a1e56fd34408186e4bbccfd4996cb3dc -> 
  custom:container-muxer-webm: aa71ff27fc2769a1b78a27578f13a17b -> 
  custom:container-demuxer-webm: 4f35f7cbe854078d1ac9338744f61a02 -> 
  custom:video-encoder-webm-vp8: eb34c28f22e8b96e1ab97ce403110664 -> 
  custom:audio-encoder-webm-vorbis: bf7c407c2cedff20999df2af8eb42d56 -> 
  custom:framework-win-MediaFoundation: 216162199b28c13a410421893ffa2e32 -> 
  custom:container-demuxer-ogg: 62fdf1f143b41e24485cea50d1cbac27 -> 
  custom:video-decoder-webm-vp8: 9c59270c3fd7afecdb556c50c9e8de78 -> 
  custom:audio-decoder-ogg-vorbis: bf7c407c2cedff20999df2af8eb42d56 -> 
